Indra
Vishnou
Yamuna
Kaoru
Kamil
Carma
Kapena
Pajani
Kamila
Itesh
Laïli
Kshitij
Ajith
Shakti
Kaneonuskatew
Krishnin
Bhaskara
Surinder
Kamar
Devadas
Kyran
Karola
Abdelhakim
Abigaëlle
Narayana
Vasanta
Manju
Ishvara
Komathy
Abdulhamid
Adad
Kalpana
Rudrani
Abdalkader
Soudarmani
Kunti
Karlene
Mounoussamy
Mukta
Pankaj
Karell
Chetan
Malati
Aradhana
Vidya
Sunita
Kurou
Ranjeet
Brijesh
Madhukar
Kyo
Vidéa
Absolon
Yama
Sangita
Kumari
Chiranjivi
Ratna
Kameron
Kuro
Shyam
Absalom
Shekhar
Shweta
Kym
Vinay
Rashmi
Kapil
Baladeva
Sharmila
Jaya
Gopalkrishna
Kishore
Abigaíl
Harinder
Roukmini
Hari
Ajit
Ksenija
Partha
Nandini
Kyoichi
Kaori
Gopi
Abelardo
Gopala
Perumal
Amita
Mogaya
Veda
Priya
Youvathi
Jyotsna
Vishal
Roshni
Védavalli
Aishwarya
Ganesh
Brinda
Shyamala
Kaur
Karlo
Kurt
Mayur
Dilip
Achab
Parth
Pregassame
Karoline
Manish
Kári
Kunigonde
Siddhartha
Lajili
Swapnil
Kama
Kareem
Karen
Rajendra
Mahesh
Shyamal
Godavari
Niraj
Aatami
Sashi
Kyoko
Kunto
Chetana
Maya
Kapil
Kuni
Abdias
Ilanila
Devdan
Ananta
Abe
Karna
Shri
Deepti
Narayanin
Darshan
Padmini
Kun
Venilla
Abdalqadir
Adebowale
Jai
Adesh
Renuka
Abdallatif
Gotama
Karima
Chatrapatty
Dhaval
Acantha
Sandip
Dipti
Harisha
Madhava
Arjun
Abílio
Adéla
Mani
Abimbola
Geeta
Lallida
Achaicus
Abdelghafour
Chandrakant
Sri
Lalita
Kamaria
Parlvédy
Aravinda
Sunitha
Komari
Vishnu
Sindamany
Radjen
Abdelmadjid
Harshad
Padmavati
Kumar
Madhu
Brahma
Shila
Susheela
Kadrivel
Kameyo
Uma
Kamryn
Abha
Shyama
Kane
Rani
Abram
Abi
Abijah
Kyler
Jagdish
Kandi
Anima
Kunthea
Adalheidis
Draupadi
Abaddon
Ananth
Aruna
Gotam
Govinden
Murugan
Mohandas
Manjusha
Nilam
Samda
Abelard
Shanmouga
Sharma
Shripati
Meera
Nalini
Kamaradj
Upasana
Kanaman
Vassanty
Ravi
Abilene
Lila
Karef
Abioye
Deodan
Révathi
Sumitra
Nitya
Aabraham
Shanti
Ourmila
Leka
Sangaren
Divyesh
Ganapati
Vimal
Kumari
Adama
Shiva
Aparajita
Adél
Maninder
Damodar
Pritha
Mandeep
Aaren
Dinesh
Kamon
Kiran
Madhur
Rohit
Abraam
Kwesi
Gita
Kanya
Kyros
Darmèsh
Adanna
Jagannatha
Ksawery
Kanda
Rajani
Rajnish
Daya
Rati
Abdiou
Abdoulaye
Kashi
AdélaÏde
Vivek
Arundhati
Adalwolf
Harishankar
Kurush
Roshanara
Shanta
Carpanin
Geevarghese
Achim
Naveen
Ratan
Karuna
Suman
Dayaram
Premila
Damayanti
Dalini
Sundaram
Shivali
Adalhard
Kariyamna
Sudhir
Acacia
Kuronushi
Karim
Shreya
Karishma
Aapeli
Diti
Kanchana
Nil
Laxmi
Dev
Krishna
Abihu
Abdul
Karissa
Navin
Deo
Abigaël
Shantanu
Shraddha
Abdenour
Karna
Oulvashi
Kumar
Sakti
Girisha
Kanta
Sourendra
Chandi
Abele
Kalyani
Kuzma
Kyle
Soma
Abdessalem
Chanda
Dayanand
Kalidasa
Abla
Kukiko
Mardémoutou
Sib
Gautam
Dipa
Yamini
Abderrazek
Govinda
Adara
Jayanta
Abdallah
Sarasvati
Swati
Kumara
Dipali
Bala
Aditya
Abby
Jivan
Yami
Candravali
Abiah
Abed
Kunibert
Adamo
Surya
Adalbert
Sudarshan
Nirav
Mahavira
Abimelech
Soubama
Karl
Karmela
Kunti
Jyoti
Kasi
Reva
Harendra
Kusti
Mohinder
Shresth
Dhruva
Ritika
Kyla
Silma
Sanjeev
Gomati
Manjika
Anandita
Abderrahim
Adalwin
Sunder
Ada
Addyson
Nidra
Sesa
Siddharta
Radika
Meena
Sonali
Kamal
Savitri
Aalis
Venkat
Karol
Koumarane
Chanemouga
Kuzey
Vassant
KuanTi
Mridula
Jayashri
Kumi
Abdessatar
Sangeeta
Abolfazl
Karlee
Sudesh
Abiam
Kukka
Abiodun
Achraf
Kwame
Abessa
Abdeldjalil
Rajika
KanyâKoumari
Radjou
Abdallah
Jayant
Aadolf
Jagannath
Abdalaziz
Aarón
Sima
Nandita
Kanda
Ragini
Kanani
Mukul
Kameko
Karenza
Anuj
Devayanne
Aaminah
Suresha
Vina
Aapo
Abraham
Kylie
Adhita
Nirmala
Abdelmalik
Vikram
Bagavathy
AbouBakr
Sundari
Amba
Darshana
Urvashi
Jitinder
Parnita
Amit
Karolína
Sulabha
Adams
Buddha
Ratnam
Karin
Jiva
Ravija
Kajal
Absalon
Carliaye
Rohan
Ashok
Mukesh
Kunegunda
Neelam
Vasudha
Acquila
Raj
Reshmi
Divya
Kunigunde
Jagjit
Kyrylo
Chitra
Nagendra
Kanya
Shashi
Adalia
Ádám
Sejiyane
Arjuna
Harshal
Bishen
Bhaskar
Sabita
Kyrilu
Krzesimir
Satyakama
Kartikeya
Rogany
Mohini
Kumaren
Karan
Karla
Neha
Abdoul
Vena
Sundara
Kwabena
Sanjeet
Aðalsteinn
Avani
Abdelhak
Adegoke
Gopinath
Rajni
Nitia
Abital
Aðalbjörg
Achour
Adán
Indrajit
Chandrakanta
Adalfuns
Harsha
Kishor
Mardé
Drupada
Djayssen
Minatchy
Kesaven
Kamala
Adamina
Abishai
Lilavady
Abdalkarim
Pajanivel
Nilima
Kara
Abhay
Swarna
Simi
Inderjit
Lilavati
Abu
Kusuriko
Kishen
Manisha
Kyleigh
Lata
Kanta
Vadivel
Parvéti
Nikhila
Kailash
Minakshi
Radjiv
Kunala
Narinder
Varghese
Ladha
Pritam
Karsten
Durga
Akhil
Sudarshana
Kamala
Manu
Abdechahid
Chandana
Chanemougam
Anand
Abacuc
Abdulaziz
Sassita
Karishma
Kalika
Bhavana
Kali
Akash
Anil
Abdelkarim
Abednego
Aaliyah
Kalyana
Karliaye
Abbes
Om
Révady
Ace
Vasanti
Kaveri
Devraj
Kyllian
Karel
Kapila
Aboubacar
Kamel
Karesinda
Kylian
Kylee
Karina
Chandan
Soonita
Gauri
Krzysztof
Adalbern
Ankur
Archana
Aawiya
Kyung
Malini
Sarad
Indira
Singh
Abdel
Kano
Vignesh
Lakshman
Aatu
Jaswinder
Lekha
Karekin
Ananden
Abishag
Abdelmoumen
Kalyan
Yamaraja
Abdelhadi
Isha
Rohini
Kala
Sekar
Suniti
Sandeep
Abimael
Shardûla
Kyriake
Nila
Subhash
Sandhya
Acke
Pankaja
Narendra
Amar
Dharmaradj
Madhavi
Sachin
Anish
Brijesha
Ushas
Sundar
Sanjay
Kuzman
Manjula
Mohana
Madhurya
Ramakrishna
Asha
Raghu
Murali
Lalit
Saraswati
Roshan
Aamu
Karp
Adamu
Bharata
Abia
Shankar
Shama
Arun
Mahinder
Aarne
Lavanya
Abessalom
Vikrama
Padma
Kveta
Vikresen
Nirupama
Abelone
Madhuri
Ila
Kavita
Adhik
Aali
Nishant
Jaywant
Abdelghani
KandaKoumarane
Ousadévi
Jitendra
Abhay
Tilana
Addy
Rasa
Nitika
Jayendra
Karine
Abdurrashid
Subhadra
Radharani
Adde
Mohan
Adah
Abdullah
Amrita
Seema
Kunala
Abramo
Kyriakos
Adalberht
Manickam
Achir
Roguiny
Keya
Kaolin
Achaikos
Ankita
Abdellatif
Devaki
Kami
Kyösti
Bakula
Jaidev
Abbas
Vasuda
Dipak
Anant
Mukesha
Kamilla
Duleep
Sushila
Akanksha
Rachana
Nanda
Laxman
Govind
Djeyam
Aamina
Kyke
Sati
Keshava
Ad
Saravanan
Addolorata
Adalberto
Lakshmana
Uttara
Oumarani
Sylvidra
Shrinivas
Kalidas
Swapan
Kirtida
Karena
Sheela
Vasundhara
Anandha
Kustaa
Naouman
Ananda
Madhav
Karlmann
Hamsa
Abegail
Ramachandra
Narayan
Karcsi
Abdoullah
Kadivel
Vandi
Inderpal
Abenner
Vyasadeva
Kistna
Variya
Kamini
Rakesh
Shasty
Anjali
Kshitij
Mahesha
Karpos
Cooldeepac
Achilles
Kudret
Surendra
Karyn
Mahavir
Shalini
Abiram
Swapna
Rajkumari
Aatto
Dipika
Abdelbassir
Sanjana
Abeni
Sonal
Drishti
Aseem
Abene
Indrani
Ade
Kylli
Seeta
Pallav
Kishori
Agni
Yasoda
Abiel
Kulap
Kanti
Nitin
Devika
Kshitija
Deepak
Kanti
Priti
Addison
Jayanti
Rachna
Abdalrashid
Saral
Adelaida
Abdellah
Kapila
Kandake
Ajay
Kamini
Dourgavati
Amrit
Adaeze
Sitara
Kambujiya
Satyavati
Nisha
Rajinder
Mahendra
Permal
Devmani
Kyllikki
Karita
Rameshwar
Dipaka
Kamlynhiko
Ranjit
Karime
Karolyn
Yamouna
Karan
Yellamma
Jyotsana
Achieng
Karène
Kumara
Venkata
Appassamy
Gobind
Kuno
Sukumar
Saci
Karyme
Rajender
Sundhya
Ganesha
Reena
Adamaris
Karaugh
Sumantra
Acacius
Sita
Rama
Dévi
Abha
Avinash
Deva
Abidemi
Aravind
Kanchana
Mira
Rahul
Samourgom
Anantha
Vijaya
Shakuntala
Chander
Lochana
Ksenia
Viraj
Achan
Rishi
Swaran
Abril
Parvadi
Nirmal
Damayandi
Shankara
Dharma
Kshitija
Kausalya
Kishan
Kyra
Aatos
Richia
Suraj
Gayatri
Aditi
Abigayle
Kanon
Abbi
Koumari
Djagarajen
Abhilasha
Tangavel
Abhilasha
Harish
Sunil
Achilleus
Kunal
Nala
Kamau
Satish
Vidhyavathi
Karly
Lalitha
Abdalrahman
Baldev
Ajeet
Karoliina
Abidan
Abdelkader
Kynaston
Seetha
Pallavi
Addie
Girish
Vimala
Achinoam
Vishvajit
Kirti
Neela
Mala
Kweku
Kuwat
Ranj
Rénouka
Kamen
Shobha
Nikhil
Lal
Ramesh
Urvi
Abdulrahman
Suresh
Dilipa
Kanilja
Kyou
Rupinder
Ramesha
Bharat
Esha
Kalinda
Pallab
Gowri
Abriel
Adita
Kuba
Trishna
Skanda
Vinata
Krishnaraja
Saholy
Soundary
Kusuma
Sankar
Sanjiv
Kessavaperoumal
Gopika
Usha
Poungodai
Krystyna
Vanika
Hemachandra
Abbey
Ashoka
Chandra
Pouranin
Keshavan
Leela
Jitender
Kwadwo
Abisai
Vindhyä
Anantee
Shailaja
Ravindra
Abena
Amala
Ilango
Abbie
Riddhi
Kyuso
Abailard
Nataraj
Sivacoumar
Satya
Moryl
Kesavane
Devaraja
Rukmini
Dhananjay
Abdalmalik
Savitr
Aberash
Rajneesh
Kyriaki
Kandace
Sumati
Károly
Anupama
Mitul
Adannaya
Oumapathi
Parvati
Karlaye
Jayani
Damodara
Savita
Abrecht
Vijay
Kumiko
Kurtis
Adair
Kessavamohane
Anupam
Aage
Kwaku
Deepali
Sanjaya
Sarlespadee
Vasu
Rajesh
Abner
Ábel
Gautama
Abdelaziz
Yashoda
Anila
Yash
Antrija
Nithya
Lochan
Arya
Devi
Jarita
Sabida
Vidhya
Karmen
Vasant
Indu
Minali
Abigaia
Kynthia
Gopinatha
KuanYin
Shrivatsa
Sanjit
Lakshmi
Ramachander
Karrie
Kyrillos
Achille
Lutchmayah
Ishwari
Ninad
Kwasi
Radha
Gitika
Kunal
Avanti
Bhavani
Jeetendra
Karolis
Sarala
Outama
Aniruddha
Chandraradj
Adão
Kichenin
Kapel
Abdalhamid
Soubila
Aart
Karam
Abbán
Vipin
Vipul
Rajiv
Gopal
Devdas
Kavi
Kseniya
Kuri
Riya
Kevala
Sujay
Achwak
Sushil
Pradip
Karme
Chiranjeevi
Kyrsten
Anandi
Kåre
Anuja
Abdelfattah
Abbe