Mandy
Rhonda
Worrall
Soderman
Keith
Knabe
Zeolla
Alsop
Curtis
Paulsen
Zina
Larrimore
Ted
Xenia
Toledo
Edwina
Mellon
Starkweather
Gonzalo
Monsour
Trahan
Champney
So
Ressie
Jaynes
Joanie
Atwater
Delpozo
Alejandrina
Brockington
Janelle
Foley
Soldner
Medel
Burdge
Mayen
Knowles
Mikkelson
Crompton
Napoleon
Codi
Lela
Hyland
Lin
Keva
Jessenia
Guyton
Bou
Telma
Ouida
Hucks
Bruni
Wenona
Justin
Stadler
Logan
Batten
Armanda
Sproul
Delgiudice
Olmstead
Tallmadge
Truesdell
Del
Randy
Villano
Serino
Tami
Mensch
Marquette
Madelene
Tiny
Evangelina
Tow
Janeth
Soder
Basilia
Pasty
Garth
Espiritu
Ovitt
Bradford
Sylvia
Carlyn
Blaisdell
Cromartie
Ilona
Margeret
Helen
Oglesbee
Hardaway
Perrino
Chand
Belen
Scarlett
Mcpeak
Defalco
Heishman
Chew
Hurwitz
Lundstrom
Meany
Jamika
Walkes
Hays
Marshall
Rocio
Twanna
Storie
Seema
Hurlbut
Brickner
Melodee
Jablonowski
Roxy
Wingate
Sessums
Arlyne
Cleo
Sergio
Ela
Miles
Walz
Gigi
Yadao
Hollon
Maxima
Tiemann
Bulah
Adam
Breneman
Stanley
Billye
An
Zella
Cannady
Loria
Lal
Rohlfing
Varnell
Lakia
Comer
Brainard
Polo
Cassaundra
Assunta
Marcy
Cadet
Kobel
Kurt
Calhoon
Watford
Sellman
Fitz
Jutta
Giuffre
Tiffanie
Dianne
Faller
Alfonso
Bloodworth
Kilian
Yellowhair
Francisca
Kealoha
Krystina
Prinz
Romberg
Poarch
Celsa
Shasta
Selvey
Featherstone
Paulson
Consuela
Darrel
Juana
Kiernan
Rackley
Mimms
Luci
Manuela
Beach
Briana
Trumbull
Sarkisian
Shawn
Naron
Kerrigan
Yadira
Veronica
Meggs
Demetria
Helga
Angel
Tillie
Laverne
Bret
Mcmahon
Rouillard
Herrod
Treasa
Hana
Albanese
Llanos
Gisele
Dressler
Varney
Kathryn
Pardon
Eloise
Hieber
Staples
Yeadon
Prime
Thora
Groner
Gerald
Thatch
Cristopher
Colleen
Tyson
Rina
Doug
Bard
Baggett
Stolle
Gotto
Sheridan
Ryman
Lanterman
Debelak
Riggleman
Latarsha
Maricle
Claretha
Swingle
Georgina
Eden
Winter
Guillot
Esmeralda
Delorey
Pierre
Boardman
Sosebee
Doretta
Iola
Yelvington
Gameros
Corine
Lodi
Meridith
Lapine
Chasidy
Vada
Chris
Tamra
Oquendo
Lisbeth
Rosendo
Curington
Ashely
Carillo
Brigid
Alisha
Blasi
Liggins
Larraine
Pappalardo
Mac
Luczynski
Szabo
Zellers
Audry
Aurelia
Bailey
Vosburg
Saffell
Burnham
Santos
Margaret
Jaimee
Sabrina
Cedric
Krum
Jay
Cowie
Holman
Barr
Silvera
Frida
Caryn
Hills
Fitzwater
Tracy
Nalls
Tod
Cleotilde
Gus
Knapper
Sue
Teeters
Taryn
Madalene
Evelynn
Noemi
Duchesne
Kerry
Earline
Eddie
Manzer
Grayce
Matley
Klahn
Flora
Barkett
Darst
Calista
Morvant
Stebbins
Heady
Ried
Franklyn
King
Jolie
Casteel
Marianela
Cabot
Kimberlee
Register
Mcinnis
Macri
Gulbranson
Negus
Schranz
Zucco
Delaughter
Bousquet
Murrieta
Hockett
Lavelle
Dahlia
Zieman
Victor
Noella
Mitchell
Lawver
Abril
Tameka
Syreeta
Jacox
Rodenberger
Borland
Janessa
Freida
Alica
Marchese
Biermann
Debbie
Chia
Alanis
Victor
Tish
Greeno
Shelba
Ro
Shane
Blanck
Mitchell
Rema
Todd
Salinas
Reyer
Ollie
Maurice
Treva
Toews
Keesha
Dudley
Joanna
Vicari
Mcmillion
Delucca
Arnold
Talitha
Banks
Kistner
Wallace
Ron
Jennette
Bibi
Brandie
Stephania
Estill
Mends
Rosalba
Augustina
Irwin
Willodean
Bradburn
Peggie
Andra
Linn
Deese
Nolasco
Joesph
Bonetti
Mirta
Tova
Hairston
Mirella
Annabel
Partin
Lecroy
Evon
Vanlandingham
Tisha
Kathy
Bachman
Summer
Lester
Hanks
Domenic
Grandison
Rotunno
Slaybaugh
Castorena
Cambridge
Parker
Dusenberry
Bott
Eber
Adela
Kirk
Crown
Octavio
Tabetha
Celestina
Kiera
Maynard
Adriane
Kaci
Sandidge
Inger
Daniell
Fillman
Tara
Marylouise
Hui
Thorpe
Laura
Beesley
Phan
Hoar
Queener
Everett
Melia
Xiomara
Nakita
Erbe
Delsie
Carbonell
Zofia
Shantelle
Israel
Schuster
Demar
Ciara
Trent
Berning
Tetreault
Jackqueline
Lanning
Norah
Wonda
Bolds
Mavis
Lichtenstein
Loree
Levitsky
Rickey
Collen
Wene
Kourtney
Dorene
Calaway
Kali
Chapa
Jewel
Elli
Fish
Sheryl
Blatt
Lasky
Gabrielle
Freddy
Geren
Tomasini
Luna
Sinnott
Wendi
Paulina
Germaine
Maples
Morehead
Lemaire
Cofield
Spring
Roslyn
Seats
Routh
Vernon
Bechtel
Shondra
Shoffner
Sidney
Donna
Otha
Iraida
Jaqueline
Elena
Delorse
Rafael
Luther
Mader
Phillip
Carri
Clayborne
Desoto
Teti
Florentina
Nikita
Morrill
Schulze
Ginette
Kristyn
Mowrer
Christoper
Quisenberry
Marica
Cuen
Willis
Ying
Dishman
Corrado
Savage
Llanes
Erna
Detty
Massenburg
Ingram
Harrison
Bustle
Hyo
Nicolasa
Loren
Wood
Penna
Mckim
Fiona
Marlene
Wescott
Mcentee
Coltharp
Ellis
Lach
Woodland
Carina
Anthony
Numbers
Nicodemus
Florence
Gard
Candy
Hogan
Mauro
Schill
Niesha
Myres
Felix
Gladys
Jamal
Darby
Borkowski
Vella
Denise
Nava
Ja
Willy
Miquel
Camp
Troy
Randee
Mclarty
Tamesha
Oscar
Karly
Cone
Isaac
Marinda
Melendrez
Kilburn
Cristal
Ansell
Gabbert
Clare
Vicente
Mitch
Vega
Thrailkill
Sixta
Berube
Hilbert
Becki
Natalie
Leandro
Hebron
Ethyl
Kacey
Brochu
Brain
Turmelle
Lorrine
Frink
Neta
Jeane
Milo
Gale
Faul
Josefa
Davida
Sheffler
Riley
Beran
German
Cinthia
Mcdorman
Tyler
Piccolo
Ackerson
Watley
Wilmes
Cornelia
Marrufo
Dottie
Campa
Valeria
Caitlyn
Luigi
Yi
Sharrock
Pattee
Jeri
Selena
Sylvester
Etha
Clouse
Rauscher
Hacker
Merissa
Mayon
Parthenia
Mckamie
Flossie
Nell
Monarrez
Manske
Lilienthal
Balmer
Chandra
Adria
Fatimah
Krysten
Marconi
Blose
Mariel
Herman
Marcello
Gisela
Krom
Tonya
Tamica
Wei
Avis
Bernita
Lo
Saulters
Weight
Reta
Londa
Bochenek
Suen
Spenser
Wan
Engstrom
Compos
Immel
Stallings
Mendes
Walczak
Natacha
Theodore
Culberson
Mccollom
Denn
Malka
Enrique
Rieder
Rumph
Danette
Saul
Edgley
Panetta
Sauve
Huffer
Ashe
Gustavo
Zackary
Karren
Rosena
Pattison
Ferri
Dante
Overfield
Powers
Carisa
Kreiger
Jannet
Colclough
Erline
Carruthers
Salone
Polster
Ringel
Tracey
Zoila
Byrum
Virgen
Samuel
Kittie
Yang
Brosnahan
Lucius
Mcmillan
Susanne
Rod
Connie
Mitzi
Jamila
Nicole
Vacca
Drusilla
Tieman
Damian
Elke
Kampen
Cary
Rossow
Whitcomb
Lynda
Watters
Nellie
Lorretta
Katharine
Jordison
Linh
Coulston
Lavern
Veda
Sutphin
Turlington
Sasaki
Necole
Vetter
Syble
Kandice
Selma
Rife
Chisholm
Chan
Marian
Ofelia
Lenny
Winfred
Coca